Determining if the pthread_create exist failed with the following output:
Change Dir: /home/simone/CLionProjects/HWC1/cmake-build-debug/CMakeFiles/CMakeTmp

Run Build Command:"/usr/bin/make" "cmTC_2f647/fast"
/usr/bin/make -f CMakeFiles/cmTC_2f647.dir/build.make CMakeFiles/cmTC_2f647.dir/build
make[1]: ingresso nella directory "/home/simone/CLionProjects/HWC1/cmake-build-debug/CMakeFiles/CMakeTmp"
Building C object CMakeFiles/cmTC_2f647.dir/CheckSymbolExists.c.o
/usr/bin/cc    -o CMakeFiles/cmTC_2f647.dir/CheckSymbolExists.c.o   -c /home/simone/CLionProjects/HWC1/cmake-build-debug/CMakeFiles/CMakeTmp/CheckSymbolExists.c
Linking C executable cmTC_2f647
/home/simone/Scrivania/clion-2017.2.3/bin/cmake/bin/cmake -E cmake_link_script CMakeFiles/cmTC_2f647.dir/link.txt --verbose=1
/usr/bin/cc      CMakeFiles/cmTC_2f647.dir/CheckSymbolExists.c.o  -o cmTC_2f647 
CMakeFiles/cmTC_2f647.dir/CheckSymbolExists.c.o: nella funzione "main":
CheckSymbolExists.c:(.text+0x16): riferimento non definito a "pthread_create"
collect2: error: ld returned 1 exit status
CMakeFiles/cmTC_2f647.dir/build.make:97: set di istruzioni per l'obiettivo "cmTC_2f647" non riuscito
make[1]: *** [cmTC_2f647] Errore 1
make[1]: uscita dalla directory "/home/simone/CLionProjects/HWC1/cmake-build-debug/CMakeFiles/CMakeTmp"
Makefile:126: set di istruzioni per l'obiettivo "cmTC_2f647/fast" non riuscito
make: *** [cmTC_2f647/fast] Errore 2

File /home/simone/CLionProjects/HWC1/cmake-build-debug/CMakeFiles/CMakeTmp/CheckSymbolExists.c:
/* */
#include <pthread.h>

int main(int argc, char** argv)
{
  (void)argv;
#ifndef pthread_create
  return ((int*)(&pthread_create))[argc];
#else
  (void)argc;
  return 0;
#endif
}

Determining if the function pthread_create exists in the pthreads failed with the following output:
Change Dir: /home/simone/CLionProjects/HWC1/cmake-build-debug/CMakeFiles/CMakeTmp

Run Build Command:"/usr/bin/make" "cmTC_23501/fast"
/usr/bin/make -f CMakeFiles/cmTC_23501.dir/build.make CMakeFiles/cmTC_23501.dir/build
make[1]: ingresso nella directory "/home/simone/CLionProjects/HWC1/cmake-build-debug/CMakeFiles/CMakeTmp"
Building C object CMakeFiles/cmTC_23501.dir/CheckFunctionExists.c.o
/usr/bin/cc   -DCHECK_FUNCTION_EXISTS=pthread_create   -o CMakeFiles/cmTC_23501.dir/CheckFunctionExists.c.o   -c /home/simone/Scrivania/clion-2017.2.3/bin/cmake/share/cmake-3.8/Modules/CheckFunctionExists.c
Linking C executable cmTC_23501
/home/simone/Scrivania/clion-2017.2.3/bin/cmake/bin/cmake -E cmake_link_script CMakeFiles/cmTC_23501.dir/link.txt --verbose=1
/usr/bin/cc  -DCHECK_FUNCTION_EXISTS=pthread_create    CMakeFiles/cmTC_23501.dir/CheckFunctionExists.c.o  -o cmTC_23501 -lpthreads 
/usr/bin/ld: impossibile trovare -lpthreads
collect2: error: ld returned 1 exit status
CMakeFiles/cmTC_23501.dir/build.make:97: set di istruzioni per l'obiettivo "cmTC_23501" non riuscito
make[1]: *** [cmTC_23501] Errore 1
make[1]: uscita dalla directory "/home/simone/CLionProjects/HWC1/cmake-build-debug/CMakeFiles/CMakeTmp"
Makefile:126: set di istruzioni per l'obiettivo "cmTC_23501/fast" non riuscito
make: *** [cmTC_23501/fast] Errore 2


