Determining if the pthread_create exist failed with the following output:
Change Dir: /home/simone/concurrent_programming/HWC2/cmake-build-debug/CMakeFiles/CMakeTmp

Run Build Command:"/usr/bin/make" "cmTC_a56ee/fast"
/usr/bin/make -f CMakeFiles/cmTC_a56ee.dir/build.make CMakeFiles/cmTC_a56ee.dir/build
make[1]: ingresso nella directory "/home/simone/concurrent_programming/HWC2/cmake-build-debug/CMakeFiles/CMakeTmp"
Building C object CMakeFiles/cmTC_a56ee.dir/CheckSymbolExists.c.o
/usr/bin/cc    -o CMakeFiles/cmTC_a56ee.dir/CheckSymbolExists.c.o   -c /home/simone/concurrent_programming/HWC2/cmake-build-debug/CMakeFiles/CMakeTmp/CheckSymbolExists.c
Linking C executable cmTC_a56ee
/home/simone/Scrivania/clion-2017.2.3/bin/cmake/bin/cmake -E cmake_link_script CMakeFiles/cmTC_a56ee.dir/link.txt --verbose=1
/usr/bin/cc      CMakeFiles/cmTC_a56ee.dir/CheckSymbolExists.c.o  -o cmTC_a56ee 
CMakeFiles/cmTC_a56ee.dir/CheckSymbolExists.c.o: nella funzione "main":
CheckSymbolExists.c:(.text+0x16): riferimento non definito a "pthread_create"
collect2: error: ld returned 1 exit status
CMakeFiles/cmTC_a56ee.dir/build.make:97: set di istruzioni per l'obiettivo "cmTC_a56ee" non riuscito
make[1]: *** [cmTC_a56ee] Errore 1
make[1]: uscita dalla directory "/home/simone/concurrent_programming/HWC2/cmake-build-debug/CMakeFiles/CMakeTmp"
Makefile:126: set di istruzioni per l'obiettivo "cmTC_a56ee/fast" non riuscito
make: *** [cmTC_a56ee/fast] Errore 2

File /home/simone/concurrent_programming/HWC2/cmake-build-debug/CMakeFiles/CMakeTmp/CheckSymbolExists.c:
/* */
#include <pthread.h>

int main(int argc, char** argv)
{
  (void)argv;
#ifndef pthread_create
  return ((int*)(&pthread_create))[argc];
#else
  (void)argc;
  return 0;
#endif
}

Determining if the function pthread_create exists in the pthreads failed with the following output:
Change Dir: /home/simone/concurrent_programming/HWC2/cmake-build-debug/CMakeFiles/CMakeTmp

Run Build Command:"/usr/bin/make" "cmTC_69d6d/fast"
/usr/bin/make -f CMakeFiles/cmTC_69d6d.dir/build.make CMakeFiles/cmTC_69d6d.dir/build
make[1]: ingresso nella directory "/home/simone/concurrent_programming/HWC2/cmake-build-debug/CMakeFiles/CMakeTmp"
Building C object CMakeFiles/cmTC_69d6d.dir/CheckFunctionExists.c.o
/usr/bin/cc   -DCHECK_FUNCTION_EXISTS=pthread_create   -o CMakeFiles/cmTC_69d6d.dir/CheckFunctionExists.c.o   -c /home/simone/Scrivania/clion-2017.2.3/bin/cmake/share/cmake-3.8/Modules/CheckFunctionExists.c
Linking C executable cmTC_69d6d
/home/simone/Scrivania/clion-2017.2.3/bin/cmake/bin/cmake -E cmake_link_script CMakeFiles/cmTC_69d6d.dir/link.txt --verbose=1
/usr/bin/cc  -DCHECK_FUNCTION_EXISTS=pthread_create    CMakeFiles/cmTC_69d6d.dir/CheckFunctionExists.c.o  -o cmTC_69d6d -lpthreads 
/usr/bin/ld: impossibile trovare -lpthreads
collect2: error: ld returned 1 exit status
CMakeFiles/cmTC_69d6d.dir/build.make:97: set di istruzioni per l'obiettivo "cmTC_69d6d" non riuscito
make[1]: *** [cmTC_69d6d] Errore 1
make[1]: uscita dalla directory "/home/simone/concurrent_programming/HWC2/cmake-build-debug/CMakeFiles/CMakeTmp"
Makefile:126: set di istruzioni per l'obiettivo "cmTC_69d6d/fast" non riuscito
make: *** [cmTC_69d6d/fast] Errore 2


